<?xml version="1.0" encoding="UTF-8"?>
<testsuite xmlns:xsi="http://www.w3.org/2001/XMLSchema-instance" xsi:noNamespaceSchemaLocation="https://maven.apache.org/surefire/maven-surefire-plugin/xsd/surefire-test-report-3.0.xsd" version="3.0" name="Amazon Arama" time="16.026" tests="2" errors="0" skipped="0" failures="0">
  <properties>
[...]
</properties>
  <testcase name="TC02_kullanici amazonda arama yapar" classname="Amazon Arama" time="12.273">
    <system-out><![CDATA[Eyl 24, 2020 10:02:43 ÖS io.cucumber.junit.Cucumber <init>
WARNING: By default Cucumber is running in --non-strict mode.
This default will change to --strict and --non-strict will be removed.
You can use --strict or @CucumberOptions(strict = true) to suppress this warning



2
 Scenarios (
&amp#27;[32m2 passed&amp#27;[0m
)


6
 Steps (
&amp#27;[32m6 passed&amp#27;[0m
)


0m
16,029s






setUp Calisti.
1-16 of over 20,000 results for "headphones"
tearDown Calisti.
]]></system-out>
    <system-err><![CDATA[SLF4J: Failed to load class "org.slf4j.impl.StaticLoggerBinder".
SLF4J: Defaulting to no-operation (NOP) logger implementation
SLF4J: See http://www.slf4j.org/codes.html#StaticLoggerBinder for further details.
Starting ChromeDriver 85.0.4183.87 (cd6713ebf92fa1cacc0f1a598df280093af0c5d7-refs/branch-heads/4183@{#1689}) on port 34212
Only local connections are allowed.
Please see https://chromedriver.chromium.org/security-considerations for suggestions on keeping ChromeDriver safe.
ChromeDriver was started successfully.
Eyl 24, 2020 10:02:48 ÖS org.openqa.selenium.remote.ProtocolHandshake createSession
INFO: Detected dialect: W3C
]]></system-err>
  </testcase>
  <testcase name="TC03_kullanici amazonda arama yapar" classname="Amazon Arama" time="3.753">
    <system-out><![CDATA[setUp Calisti.
1-16 of over 30,000 results for "camera"
tearDown Calisti.
]]></system-out>
  </testcase>
</testsuite>